<?xml version="1.0" encoding="UTF-8"?>
<testsuite xmlns:xsi="http://www.w3.org/2001/XMLSchema-instance" xsi:noNamespaceSchemaLocation="https://maven.apache.org/surefire/maven-surefire-plugin/xsd/surefire-test-report.xsd" version="3.0.2" name="com.ChatAppTests" time="2.827" tests="1" errors="0" skipped="0" failures="0">
  <properties>
    <property name="java.specification.version" value="24"/>
    <property name="sun.jnu.encoding" value="UTF-8"/>
    <property name="java.class.path" value="/Users/fahedabukaf/Desktop/chat--app/Backend/target/test-classes:/Users/fahedabukaf/Desktop/chat--app/Backend/target/classes:/Users/fahedabukaf/.m2/repository/org/springframework/boot/spring-boot-starter-data-mongodb/3.5.4/spring-boot-starter-data-mongodb-3.5.4.jar:/Users/fahedabukaf/.m2/repository/org/springframework/boot/spring-boot-starter/3.5.4/spring-boot-starter-3.5.4.jar:/Users/fahedabukaf/.m2/repository/org/springframework/boot/spring-boot-starter-logging/3.5.4/spring-boot-starter-logging-3.5.4.jar:/Users/fahedabukaf/.m2/repository/ch/qos/logback/logback-classic/1.5.18/logback-classic-1.5.18.jar:/Users/fahedabukaf/.m2/repository/ch/qos/logback/logback-core/1.5.18/logback-core-1.5.18.jar:/Users/fahedabukaf/.m2/repository/org/apache/logging/log4j/log4j-to-slf4j/2.24.3/log4j-to-slf4j-2.24.3.jar:/Users/fahedabukaf/.m2/repository/org/apache/logging/log4j/log4j-api/2.24.3/log4j-api-2.24.3.jar:/Users/fahedabukaf/.m2/repository/org/slf4j/jul-to-slf4j/2.0.17/jul-to-slf4j-2.0.17.jar:/Users/fahedabukaf/.m2/repository/jakarta/annotation/jakarta.annotation-api/2.1.1/jakarta.annotation-api-2.1.1.jar:/Users/fahedabukaf/.m2/repository/org/yaml/snakeyaml/2.4/snakeyaml-2.4.jar:/Users/fahedabukaf/.m2/repository/org/mongodb/mongodb-driver-sync/5.5.1/mongodb-driver-sync-5.5.1.jar:/Users/fahedabukaf/.m2/repository/org/mongodb/bson/5.5.1/bson-5.5.1.jar:/Users/fahedabukaf/.m2/repository/org/mongodb/mongodb-driver-core/5.5.1/mongodb-driver-core-5.5.1.jar:/Users/fahedabukaf/.m2/repository/org/mongodb/bson-record-codec/5.5.1/bson-record-codec-5.5.1.jar:/Users/fahedabukaf/.m2/repository/org/springframework/data/spring-data-mongodb/4.5.2/spring-data-mongodb-4.5.2.jar:/Users/fahedabukaf/.m2/repository/org/springframework/spring-tx/6.2.9/spring-tx-6.2.9.jar:/Users/fahedabukaf/.m2/repository/org/springframework/spring-context/6.2.9/spring-context-6.2.9.jar:/Users/fahedabukaf/.m2/repository/org/springframework/spring-beans/6.2.9/spring-beans-6.2.9.jar:/Users/fahedabukaf/.m2/repository/org/springframework/spring-expression/6.2.9/spring-expression-6.2.9.jar:/Users/fahedabukaf/.m2/repository/org/springframework/data/spring-data-commons/3.5.2/spring-data-commons-3.5.2.jar:/Users/fahedabukaf/.m2/repository/org/springframework/boot/spring-boot-starter-security/3.5.4/spring-boot-starter-security-3.5.4.jar:/Users/fahedabukaf/.m2/repository/org/springframework/spring-aop/6.2.9/spring-aop-6.2.9.jar:/Users/fahedabukaf/.m2/repository/org/springframework/security/spring-security-config/6.5.2/spring-security-config-6.5.2.jar:/Users/fahedabukaf/.m2/repository/org/springframework/security/spring-security-web/6.5.2/spring-security-web-6.5.2.jar:/Users/fahedabukaf/.m2/repository/org/springframework/boot/spring-boot-starter-web/3.5.4/spring-boot-starter-web-3.5.4.jar:/Users/fahedabukaf/.m2/repository/org/springframework/boot/spring-boot-starter-json/3.5.4/spring-boot-starter-json-3.5.4.jar:/Users/fahedabukaf/.m2/repository/com/fasterxml/jackson/core/jackson-databind/2.19.2/jackson-databind-2.19.2.jar:/Users/fahedabukaf/.m2/repository/com/fasterxml/jackson/core/jackson-annotations/2.19.2/jackson-annotations-2.19.2.jar:/Users/fahedabukaf/.m2/repository/com/fasterxml/jackson/datatype/jackson-datatype-jdk8/2.19.2/jackson-datatype-jdk8-2.19.2.jar:/Users/fahedabukaf/.m2/repository/com/fasterxml/jackson/datatype/jackson-datatype-jsr310/2.19.2/jackson-datatype-jsr310-2.19.2.jar:/Users/fahedabukaf/.m2/repository/com/fasterxml/jackson/module/jackson-module-parameter-names/2.19.2/jackson-module-parameter-names-2.19.2.jar:/Users/fahedabukaf/.m2/repository/org/springframework/boot/spring-boot-starter-tomcat/3.5.4/spring-boot-starter-tomcat-3.5.4.jar:/Users/fahedabukaf/.m2/repository/org/apache/tomcat/embed/tomcat-embed-core/10.1.43/tomcat-embed-core-10.1.43.jar:/Users/fahedabukaf/.m2/repository/org/apache/tomcat/embed/tomcat-embed-el/10.1.43/tomcat-embed-el-10.1.43.jar:/Users/fahedabukaf/.m2/repository/org/apache/tomcat/embed/tomcat-embed-websocket/10.1.43/tomcat-embed-websocket-10.1.43.jar:/Users/fahedabukaf/.m2/repository/org/springframework/spring-web/6.2.9/spring-web-6.2.9.jar:/Users/fahedabukaf/.m2/repository/io/micrometer/micrometer-observation/1.15.2/micrometer-observation-1.15.2.jar:/Users/fahedabukaf/.m2/repository/io/micrometer/micrometer-commons/1.15.2/micrometer-commons-1.15.2.jar:/Users/fahedabukaf/.m2/repository/org/springframework/spring-webmvc/6.2.9/spring-webmvc-6.2.9.jar:/Users/fahedabukaf/.m2/repository/org/springframework/boot/spring-boot-starter-websocket/3.5.4/spring-boot-starter-websocket-3.5.4.jar:/Users/fahedabukaf/.m2/repository/org/springframework/spring-messaging/6.2.9/spring-messaging-6.2.9.jar:/Users/fahedabukaf/.m2/repository/org/springframework/spring-websocket/6.2.9/spring-websocket-6.2.9.jar:/Users/fahedabukaf/.m2/repository/com/google/firebase/firebase-admin/8.1.0/firebase-admin-8.1.0.jar:/Users/fahedabukaf/.m2/repository/com/google/api-client/google-api-client/1.32.1/google-api-client-1.32.1.jar:/Users/fahedabukaf/.m2/repository/com/google/oauth-client/google-oauth-client/1.31.5/google-oauth-client-1.31.5.jar:/Users/fahedabukaf/.m2/repository/com/google/http-client/google-http-client-gson/1.39.2/google-http-client-gson-1.39.2.jar:/Users/fahedabukaf/.m2/repository/com/google/http-client/google-http-client-apache-v2/1.39.2/google-http-client-apache-v2-1.39.2.jar:/Users/fahedabukaf/.m2/repository/org/apache/httpcomponents/httpcore/4.4.16/httpcore-4.4.16.jar:/Users/fahedabukaf/.m2/repository/org/apache/httpcomponents/httpclient/4.5.13/httpclient-4.5.13.jar:/Users/fahedabukaf/.m2/repository/com/google/api-client/google-api-client-gson/1.32.1/google-api-client-gson-1.32.1.jar:/Users/fahedabukaf/.m2/repository/com/google/http-client/google-http-client/1.39.2/google-http-client-1.39.2.jar:/Users/fahedabukaf/.m2/repository/com/google/code/findbugs/jsr305/3.0.2/jsr305-3.0.2.jar:/Users/fahedabukaf/.m2/repository/com/google/j2objc/j2objc-annotations/1.3/j2objc-annotations-1.3.jar:/Users/fahedabukaf/.m2/repository/io/opencensus/opencensus-api/0.28.0/opencensus-api-0.28.0.jar:/Users/fahedabukaf/.m2/repository/io/opencensus/opencensus-contrib-http-util/0.28.0/opencensus-contrib-http-util-0.28.0.jar:/Users/fahedabukaf/.m2/repository/com/google/api/api-common/1.10.4/api-common-1.10.4.jar:/Users/fahedabukaf/.m2/repository/javax/annotation/javax.annotation-api/1.3.2/javax.annotation-api-1.3.2.jar:/Users/fahedabukaf/.m2/repository/com/google/auto/value/auto-value-annotations/1.8.1/auto-value-annotations-1.8.1.jar:/Users/fahedabukaf/.m2/repository/com/google/auth/google-auth-library-oauth2-http/0.26.0/google-auth-library-oauth2-http-0.26.0.jar:/Users/fahedabukaf/.m2/repository/com/google/auth/google-auth-library-credentials/0.26.0/google-auth-library-credentials-0.26.0.jar:/Users/fahedabukaf/.m2/repository/com/google/cloud/google-cloud-storage/1.118.0/google-cloud-storage-1.118.0.jar:/Users/fahedabukaf/.m2/repository/com/google/guava/failureaccess/1.0.1/failureaccess-1.0.1.jar:/Users/fahedabukaf/.m2/repository/com/google/guava/listenablefuture/9999.0-empty-to-avoid-conflict-with-guava/listenablefuture-9999.0-empty-to-avoid-conflict-with-guava.jar:/Users/fahedabukaf/.m2/repository/org/checkerframework/checker-compat-qual/2.5.5/checker-compat-qual-2.5.5.jar:/Users/fahedabukaf/.m2/repository/com/google/errorprone/error_prone_annotations/2.7.1/error_prone_annotations-2.7.1.jar:/Users/fahedabukaf/.m2/repository/com/google/http-client/google-http-client-jackson2/1.39.2/google-http-client-jackson2-1.39.2.jar:/Users/fahedabukaf/.m2/repository/com/fasterxml/jackson/core/jackson-core/2.19.2/jackson-core-2.19.2.jar:/Users/fahedabukaf/.m2/repository/com/google/apis/google-api-services-storage/v1-rev20210127-1.32.1/google-api-services-storage-v1-rev20210127-1.32.1.jar:/Users/fahedabukaf/.m2/repository/com/google/code/gson/gson/2.13.1/gson-2.13.1.jar:/Users/fahedabukaf/.m2/repository/com/google/cloud/google-cloud-core/1.95.4/google-cloud-core-1.95.4.jar:/Users/fahedabukaf/.m2/repository/com/google/api/grpc/proto-google-common-protos/2.3.2/proto-google-common-protos-2.3.2.jar:/Users/fahedabukaf/.m2/repository/com/google/cloud/google-cloud-core-http/1.95.4/google-cloud-core-http-1.95.4.jar:/Users/fahedabukaf/.m2/repository/com/google/http-client/google-http-client-appengine/1.39.2/google-http-client-appengine-1.39.2.jar:/Users/fahedabukaf/.m2/repository/com/google/api/gax-httpjson/0.83.0/gax-httpjson-0.83.0.jar:/Users/fahedabukaf/.m2/repository/com/google/api/gax/1.66.0/gax-1.66.0.jar:/Users/fahedabukaf/.m2/repository/io/grpc/grpc-context/1.39.0/grpc-context-1.39.0.jar:/Users/fahedabukaf/.m2/repository/com/google/api/grpc/proto-google-iam-v1/1.0.14/proto-google-iam-v1-1.0.14.jar:/Users/fahedabukaf/.m2/repository/com/google/protobuf/protobuf-java/3.17.3/protobuf-java-3.17.3.jar:/Users/fahedabukaf/.m2/repository/com/google/protobuf/protobuf-java-util/3.17.3/protobuf-java-util-3.17.3.jar:/Users/fahedabukaf/.m2/repository/org/threeten/threetenbp/1.5.1/threetenbp-1.5.1.jar:/Users/fahedabukaf/.m2/repository/com/google/cloud/google-cloud-firestore/2.6.1/google-cloud-firestore-2.6.1.jar:/Users/fahedabukaf/.m2/repository/com/google/cloud/google-cloud-core-grpc/1.95.4/google-cloud-core-grpc-1.95.4.jar:/Users/fahedabukaf/.m2/repository/io/grpc/grpc-core/1.39.0/grpc-core-1.39.0.jar:/Users/fahedabukaf/.m2/repository/com/google/android/annotations/4.1.1.4/annotations-4.1.1.4.jar:/Users/fahedabukaf/.m2/repository/org/codehaus/mojo/animal-sniffer-annotations/1.20/animal-sniffer-annotations-1.20.jar:/Users/fahedabukaf/.m2/repository/io/perfmark/perfmark-api/0.23.0/perfmark-api-0.23.0.jar:/Users/fahedabukaf/.m2/repository/commons-logging/commons-logging/1.2/commons-logging-1.2.jar:/Users/fahedabukaf/.m2/repository/commons-codec/commons-codec/1.18.0/commons-codec-1.18.0.jar:/Users/fahedabukaf/.m2/repository/com/google/api/grpc/proto-google-cloud-firestore-v1/2.6.1/proto-google-cloud-firestore-v1-2.6.1.jar:/Users/fahedabukaf/.m2/repository/com/google/cloud/proto-google-cloud-firestore-bundle-v1/2.6.1/proto-google-cloud-firestore-bundle-v1-2.6.1.jar:/Users/fahedabukaf/.m2/repository/io/opencensus/opencensus-contrib-grpc-util/0.28.0/opencensus-contrib-grpc-util-0.28.0.jar:/Users/fahedabukaf/.m2/repository/io/grpc/grpc-protobuf/1.39.0/grpc-protobuf-1.39.0.jar:/Users/fahedabukaf/.m2/repository/io/grpc/grpc-protobuf-lite/1.39.0/grpc-protobuf-lite-1.39.0.jar:/Users/fahedabukaf/.m2/repository/io/grpc/grpc-api/1.39.0/grpc-api-1.39.0.jar:/Users/fahedabukaf/.m2/repository/com/google/api/gax-grpc/1.66.0/gax-grpc-1.66.0.jar:/Users/fahedabukaf/.m2/repository/io/grpc/grpc-auth/1.39.0/grpc-auth-1.39.0.jar:/Users/fahedabukaf/.m2/repository/io/grpc/grpc-netty-shaded/1.39.0/grpc-netty-shaded-1.39.0.jar:/Users/fahedabukaf/.m2/repository/io/grpc/grpc-alts/1.39.0/grpc-alts-1.39.0.jar:/Users/fahedabukaf/.m2/repository/io/grpc/grpc-grpclb/1.39.0/grpc-grpclb-1.39.0.jar:/Users/fahedabukaf/.m2/repository/org/conscrypt/conscrypt-openjdk-uber/2.5.1/conscrypt-openjdk-uber-2.5.1.jar:/Users/fahedabukaf/.m2/repository/io/grpc/grpc-stub/1.39.0/grpc-stub-1.39.0.jar:/Users/fahedabukaf/.m2/repository/com/google/guava/guava/30.1.1-android/guava-30.1.1-android.jar:/Users/fahedabukaf/.m2/repository/org/slf4j/slf4j-api/2.0.17/slf4j-api-2.0.17.jar:/Users/fahedabukaf/.m2/repository/io/netty/netty-codec-http/4.1.123.Final/netty-codec-http-4.1.123.Final.jar:/Users/fahedabukaf/.m2/repository/io/netty/netty-common/4.1.123.Final/netty-common-4.1.123.Final.jar:/Users/fahedabukaf/.m2/repository/io/netty/netty-buffer/4.1.123.Final/netty-buffer-4.1.123.Final.jar:/Users/fahedabukaf/.m2/repository/io/netty/netty-codec/4.1.123.Final/netty-codec-4.1.123.Final.jar:/Users/fahedabukaf/.m2/repository/io/netty/netty-handler/4.1.123.Final/netty-handler-4.1.123.Final.jar:/Users/fahedabukaf/.m2/repository/io/netty/netty-resolver/4.1.123.Final/netty-resolver-4.1.123.Final.jar:/Users/fahedabukaf/.m2/repository/io/netty/netty-transport-native-unix-common/4.1.123.Final/netty-transport-native-unix-common-4.1.123.Final.jar:/Users/fahedabukaf/.m2/repository/io/netty/netty-transport/4.1.123.Final/netty-transport-4.1.123.Final.jar:/Users/fahedabukaf/.m2/repository/org/springframework/boot/spring-boot-devtools/3.5.4/spring-boot-devtools-3.5.4.jar:/Users/fahedabukaf/.m2/repository/org/springframework/boot/spring-boot/3.5.4/spring-boot-3.5.4.jar:/Users/fahedabukaf/.m2/repository/org/springframework/boot/spring-boot-autoconfigure/3.5.4/spring-boot-autoconfigure-3.5.4.jar:/Users/fahedabukaf/.m2/repository/org/projectlombok/lombok/1.18.38/lombok-1.18.38.jar:/Users/fahedabukaf/.m2/repository/org/springframework/boot/spring-boot-starter-test/3.5.4/spring-boot-starter-test-3.5.4.jar:/Users/fahedabukaf/.m2/repository/org/springframework/boot/spring-boot-test/3.5.4/spring-boot-test-3.5.4.jar:/Users/fahedabukaf/.m2/repository/org/springframework/boot/spring-boot-test-autoconfigure/3.5.4/spring-boot-test-autoconfigure-3.5.4.jar:/Users/fahedabukaf/.m2/repository/com/jayway/jsonpath/json-path/2.9.0/json-path-2.9.0.jar:/Users/fahedabukaf/.m2/repository/jakarta/xml/bind/jakarta.xml.bind-api/4.0.2/jakarta.xml.bind-api-4.0.2.jar:/Users/fahedabukaf/.m2/repository/jakarta/activation/jakarta.activation-api/2.1.3/jakarta.activation-api-2.1.3.jar:/Users/fahedabukaf/.m2/repository/net/minidev/json-smart/2.5.2/json-smart-2.5.2.jar:/Users/fahedabukaf/.m2/repository/net/minidev/accessors-smart/2.5.2/accessors-smart-2.5.2.jar:/Users/fahedabukaf/.m2/repository/org/ow2/asm/asm/9.7.1/asm-9.7.1.jar:/Users/fahedabukaf/.m2/repository/org/assertj/assertj-core/3.27.3/assertj-core-3.27.3.jar:/Users/fahedabukaf/.m2/repository/net/bytebuddy/byte-buddy/1.17.6/byte-buddy-1.17.6.jar:/Users/fahedabukaf/.m2/repository/org/awaitility/awaitility/4.2.2/awaitility-4.2.2.jar:/Users/fahedabukaf/.m2/repository/org/hamcrest/hamcrest/3.0/hamcrest-3.0.jar:/Users/fahedabukaf/.m2/repository/org/junit/jupiter/junit-jupiter/5.12.2/junit-jupiter-5.12.2.jar:/Users/fahedabukaf/.m2/repository/org/junit/jupiter/junit-jupiter-api/5.12.2/junit-jupiter-api-5.12.2.jar:/Users/fahedabukaf/.m2/repository/org/opentest4j/opentest4j/1.3.0/opentest4j-1.3.0.jar:/Users/fahedabukaf/.m2/repository/org/junit/platform/junit-platform-commons/1.12.2/junit-platform-commons-1.12.2.jar:/Users/fahedabukaf/.m2/repository/org/apiguardian/apiguardian-api/1.1.2/apiguardian-api-1.1.2.jar:/Users/fahedabukaf/.m2/repository/org/junit/jupiter/junit-jupiter-params/5.12.2/junit-jupiter-params-5.12.2.jar:/Users/fahedabukaf/.m2/repository/org/junit/jupiter/junit-jupiter-engine/5.12.2/junit-jupiter-engine-5.12.2.jar:/Users/fahedabukaf/.m2/repository/org/junit/platform/junit-platform-engine/1.12.2/junit-platform-engine-1.12.2.jar:/Users/fahedabukaf/.m2/repository/org/mockito/mockito-core/5.17.0/mockito-core-5.17.0.jar:/Users/fahedabukaf/.m2/repository/net/bytebuddy/byte-buddy-agent/1.17.6/byte-buddy-agent-1.17.6.jar:/Users/fahedabukaf/.m2/repository/org/objenesis/objenesis/3.3/objenesis-3.3.jar:/Users/fahedabukaf/.m2/repository/org/mockito/mockito-junit-jupiter/5.17.0/mockito-junit-jupiter-5.17.0.jar:/Users/fahedabukaf/.m2/repository/org/skyscreamer/jsonassert/1.5.3/jsonassert-1.5.3.jar:/Users/fahedabukaf/.m2/repository/com/vaadin/external/google/android-json/0.0.20131108.vaadin1/android-json-0.0.20131108.vaadin1.jar:/Users/fahedabukaf/.m2/repository/org/springframework/spring-core/6.2.9/spring-core-6.2.9.jar:/Users/fahedabukaf/.m2/repository/org/springframework/spring-jcl/6.2.9/spring-jcl-6.2.9.jar:/Users/fahedabukaf/.m2/repository/org/springframework/spring-test/6.2.9/spring-test-6.2.9.jar:/Users/fahedabukaf/.m2/repository/org/xmlunit/xmlunit-core/2.10.3/xmlunit-core-2.10.3.jar:/Users/fahedabukaf/.m2/repository/org/springframework/security/spring-security-test/6.5.2/spring-security-test-6.5.2.jar:/Users/fahedabukaf/.m2/repository/org/springframework/security/spring-security-core/6.5.2/spring-security-core-6.5.2.jar:/Users/fahedabukaf/.m2/repository/org/springframework/security/spring-security-crypto/6.5.2/spring-security-crypto-6.5.2.jar:"/>
    <property name="java.vm.vendor" value="Homebrew"/>
    <property name="sun.arch.data.model" value="64"/>
    <property name="java.vendor.url" value="https://github.com/Homebrew/homebrew-core/issues"/>
    <property name="user.timezone" value="Asia/Jerusalem"/>
    <property name="os.name" value="Mac OS X"/>
    <property name="java.vm.specification.version" value="24"/>
    <property name="APPLICATION_NAME" value="ChatApp"/>
    <property name="sun.java.launcher" value="SUN_STANDARD"/>
    <property name="user.country" value="IL"/>
    <property name="sun.boot.library.path" value="/opt/homebrew/Cellar/openjdk/24.0.2/libexec/openjdk.jdk/Contents/Home/lib"/>
    <property name="sun.java.command" value="/Users/fahedabukaf/Desktop/chat--app/Backend/target/surefire/surefirebooter-20250812224237195_3.jar /Users/fahedabukaf/Desktop/chat--app/Backend/target/surefire 2025-08-12T22-42-37_129-jvmRun1 surefire-20250812224237195_1tmp surefire_0-20250812224237195_2tmp"/>
    <property name="http.nonProxyHosts" value="local|*.local|169.254/16|*.169.254/16"/>
    <property name="jdk.debug" value="release"/>
    <property name="surefire.test.class.path" value="/Users/fahedabukaf/Desktop/chat--app/Backend/target/test-classes:/Users/fahedabukaf/Desktop/chat--app/Backend/target/classes:/Users/fahedabukaf/.m2/repository/org/springframework/boot/spring-boot-starter-data-mongodb/3.5.4/spring-boot-starter-data-mongodb-3.5.4.jar:/Users/fahedabukaf/.m2/repository/org/springframework/boot/spring-boot-starter/3.5.4/spring-boot-starter-3.5.4.jar:/Users/fahedabukaf/.m2/repository/org/springframework/boot/spring-boot-starter-logging/3.5.4/spring-boot-starter-logging-3.5.4.jar:/Users/fahedabukaf/.m2/repository/ch/qos/logback/logback-classic/1.5.18/logback-classic-1.5.18.jar:/Users/fahedabukaf/.m2/repository/ch/qos/logback/logback-core/1.5.18/logback-core-1.5.18.jar:/Users/fahedabukaf/.m2/repository/org/apache/logging/log4j/log4j-to-slf4j/2.24.3/log4j-to-slf4j-2.24.3.jar:/Users/fahedabukaf/.m2/repository/org/apache/logging/log4j/log4j-api/2.24.3/log4j-api-2.24.3.jar:/Users/fahedabukaf/.m2/repository/org/slf4j/jul-to-slf4j/2.0.17/jul-to-slf4j-2.0.17.jar:/Users/fahedabukaf/.m2/repository/jakarta/annotation/jakarta.annotation-api/2.1.1/jakarta.annotation-api-2.1.1.jar:/Users/fahedabukaf/.m2/repository/org/yaml/snakeyaml/2.4/snakeyaml-2.4.jar:/Users/fahedabukaf/.m2/repository/org/mongodb/mongodb-driver-sync/5.5.1/mongodb-driver-sync-5.5.1.jar:/Users/fahedabukaf/.m2/repository/org/mongodb/bson/5.5.1/bson-5.5.1.jar:/Users/fahedabukaf/.m2/repository/org/mongodb/mongodb-driver-core/5.5.1/mongodb-driver-core-5.5.1.jar:/Users/fahedabukaf/.m2/repository/org/mongodb/bson-record-codec/5.5.1/bson-record-codec-5.5.1.jar:/Users/fahedabukaf/.m2/repository/org/springframework/data/spring-data-mongodb/4.5.2/spring-data-mongodb-4.5.2.jar:/Users/fahedabukaf/.m2/repository/org/springframework/spring-tx/6.2.9/spring-tx-6.2.9.jar:/Users/fahedabukaf/.m2/repository/org/springframework/spring-context/6.2.9/spring-context-6.2.9.jar:/Users/fahedabukaf/.m2/repository/org/springframework/spring-beans/6.2.9/spring-beans-6.2.9.jar:/Users/fahedabukaf/.m2/repository/org/springframework/spring-expression/6.2.9/spring-expression-6.2.9.jar:/Users/fahedabukaf/.m2/repository/org/springframework/data/spring-data-commons/3.5.2/spring-data-commons-3.5.2.jar:/Users/fahedabukaf/.m2/repository/org/springframework/boot/spring-boot-starter-security/3.5.4/spring-boot-starter-security-3.5.4.jar:/Users/fahedabukaf/.m2/repository/org/springframework/spring-aop/6.2.9/spring-aop-6.2.9.jar:/Users/fahedabukaf/.m2/repository/org/springframework/security/spring-security-config/6.5.2/spring-security-config-6.5.2.jar:/Users/fahedabukaf/.m2/repository/org/springframework/security/spring-security-web/6.5.2/spring-security-web-6.5.2.jar:/Users/fahedabukaf/.m2/repository/org/springframework/boot/spring-boot-starter-web/3.5.4/spring-boot-starter-web-3.5.4.jar:/Users/fahedabukaf/.m2/repository/org/springframework/boot/spring-boot-starter-json/3.5.4/spring-boot-starter-json-3.5.4.jar:/Users/fahedabukaf/.m2/repository/com/fasterxml/jackson/core/jackson-databind/2.19.2/jackson-databind-2.19.2.jar:/Users/fahedabukaf/.m2/repository/com/fasterxml/jackson/core/jackson-annotations/2.19.2/jackson-annotations-2.19.2.jar:/Users/fahedabukaf/.m2/repository/com/fasterxml/jackson/datatype/jackson-datatype-jdk8/2.19.2/jackson-datatype-jdk8-2.19.2.jar:/Users/fahedabukaf/.m2/repository/com/fasterxml/jackson/datatype/jackson-datatype-jsr310/2.19.2/jackson-datatype-jsr310-2.19.2.jar:/Users/fahedabukaf/.m2/repository/com/fasterxml/jackson/module/jackson-module-parameter-names/2.19.2/jackson-module-parameter-names-2.19.2.jar:/Users/fahedabukaf/.m2/repository/org/springframework/boot/spring-boot-starter-tomcat/3.5.4/spring-boot-starter-tomcat-3.5.4.jar:/Users/fahedabukaf/.m2/repository/org/apache/tomcat/embed/tomcat-embed-core/10.1.43/tomcat-embed-core-10.1.43.jar:/Users/fahedabukaf/.m2/repository/org/apache/tomcat/embed/tomcat-embed-el/10.1.43/tomcat-embed-el-10.1.43.jar:/Users/fahedabukaf/.m2/repository/org/apache/tomcat/embed/tomcat-embed-websocket/10.1.43/tomcat-embed-websocket-10.1.43.jar:/Users/fahedabukaf/.m2/repository/org/springframework/spring-web/6.2.9/spring-web-6.2.9.jar:/Users/fahedabukaf/.m2/repository/io/micrometer/micrometer-observation/1.15.2/micrometer-observation-1.15.2.jar:/Users/fahedabukaf/.m2/repository/io/micrometer/micrometer-commons/1.15.2/micrometer-commons-1.15.2.jar:/Users/fahedabukaf/.m2/repository/org/springframework/spring-webmvc/6.2.9/spring-webmvc-6.2.9.jar:/Users/fahedabukaf/.m2/repository/org/springframework/boot/spring-boot-starter-websocket/3.5.4/spring-boot-starter-websocket-3.5.4.jar:/Users/fahedabukaf/.m2/repository/org/springframework/spring-messaging/6.2.9/spring-messaging-6.2.9.jar:/Users/fahedabukaf/.m2/repository/org/springframework/spring-websocket/6.2.9/spring-websocket-6.2.9.jar:/Users/fahedabukaf/.m2/repository/com/google/firebase/firebase-admin/8.1.0/firebase-admin-8.1.0.jar:/Users/fahedabukaf/.m2/repository/com/google/api-client/google-api-client/1.32.1/google-api-client-1.32.1.jar:/Users/fahedabukaf/.m2/repository/com/google/oauth-client/google-oauth-client/1.31.5/google-oauth-client-1.31.5.jar:/Users/fahedabukaf/.m2/repository/com/google/http-client/google-http-client-gson/1.39.2/google-http-client-gson-1.39.2.jar:/Users/fahedabukaf/.m2/repository/com/google/http-client/google-http-client-apache-v2/1.39.2/google-http-client-apache-v2-1.39.2.jar:/Users/fahedabukaf/.m2/repository/org/apache/httpcomponents/httpcore/4.4.16/httpcore-4.4.16.jar:/Users/fahedabukaf/.m2/repository/org/apache/httpcomponents/httpclient/4.5.13/httpclient-4.5.13.jar:/Users/fahedabukaf/.m2/repository/com/google/api-client/google-api-client-gson/1.32.1/google-api-client-gson-1.32.1.jar:/Users/fahedabukaf/.m2/repository/com/google/http-client/google-http-client/1.39.2/google-http-client-1.39.2.jar:/Users/fahedabukaf/.m2/repository/com/google/code/findbugs/jsr305/3.0.2/jsr305-3.0.2.jar:/Users/fahedabukaf/.m2/repository/com/google/j2objc/j2objc-annotations/1.3/j2objc-annotations-1.3.jar:/Users/fahedabukaf/.m2/repository/io/opencensus/opencensus-api/0.28.0/opencensus-api-0.28.0.jar:/Users/fahedabukaf/.m2/repository/io/opencensus/opencensus-contrib-http-util/0.28.0/opencensus-contrib-http-util-0.28.0.jar:/Users/fahedabukaf/.m2/repository/com/google/api/api-common/1.10.4/api-common-1.10.4.jar:/Users/fahedabukaf/.m2/repository/javax/annotation/javax.annotation-api/1.3.2/javax.annotation-api-1.3.2.jar:/Users/fahedabukaf/.m2/repository/com/google/auto/value/auto-value-annotations/1.8.1/auto-value-annotations-1.8.1.jar:/Users/fahedabukaf/.m2/repository/com/google/auth/google-auth-library-oauth2-http/0.26.0/google-auth-library-oauth2-http-0.26.0.jar:/Users/fahedabukaf/.m2/repository/com/google/auth/google-auth-library-credentials/0.26.0/google-auth-library-credentials-0.26.0.jar:/Users/fahedabukaf/.m2/repository/com/google/cloud/google-cloud-storage/1.118.0/google-cloud-storage-1.118.0.jar:/Users/fahedabukaf/.m2/repository/com/google/guava/failureaccess/1.0.1/failureaccess-1.0.1.jar:/Users/fahedabukaf/.m2/repository/com/google/guava/listenablefuture/9999.0-empty-to-avoid-conflict-with-guava/listenablefuture-9999.0-empty-to-avoid-conflict-with-guava.jar:/Users/fahedabukaf/.m2/repository/org/checkerframework/checker-compat-qual/2.5.5/checker-compat-qual-2.5.5.jar:/Users/fahedabukaf/.m2/repository/com/google/errorprone/error_prone_annotations/2.7.1/error_prone_annotations-2.7.1.jar:/Users/fahedabukaf/.m2/repository/com/google/http-client/google-http-client-jackson2/1.39.2/google-http-client-jackson2-1.39.2.jar:/Users/fahedabukaf/.m2/repository/com/fasterxml/jackson/core/jackson-core/2.19.2/jackson-core-2.19.2.jar:/Users/fahedabukaf/.m2/repository/com/google/apis/google-api-services-storage/v1-rev20210127-1.32.1/google-api-services-storage-v1-rev20210127-1.32.1.jar:/Users/fahedabukaf/.m2/repository/com/google/code/gson/gson/2.13.1/gson-2.13.1.jar:/Users/fahedabukaf/.m2/repository/com/google/cloud/google-cloud-core/1.95.4/google-cloud-core-1.95.4.jar:/Users/fahedabukaf/.m2/repository/com/google/api/grpc/proto-google-common-protos/2.3.2/proto-google-common-protos-2.3.2.jar:/Users/fahedabukaf/.m2/repository/com/google/cloud/google-cloud-core-http/1.95.4/google-cloud-core-http-1.95.4.jar:/Users/fahedabukaf/.m2/repository/com/google/http-client/google-http-client-appengine/1.39.2/google-http-client-appengine-1.39.2.jar:/Users/fahedabukaf/.m2/repository/com/google/api/gax-httpjson/0.83.0/gax-httpjson-0.83.0.jar:/Users/fahedabukaf/.m2/repository/com/google/api/gax/1.66.0/gax-1.66.0.jar:/Users/fahedabukaf/.m2/repository/io/grpc/grpc-context/1.39.0/grpc-context-1.39.0.jar:/Users/fahedabukaf/.m2/repository/com/google/api/grpc/proto-google-iam-v1/1.0.14/proto-google-iam-v1-1.0.14.jar:/Users/fahedabukaf/.m2/repository/com/google/protobuf/protobuf-java/3.17.3/protobuf-java-3.17.3.jar:/Users/fahedabukaf/.m2/repository/com/google/protobuf/protobuf-java-util/3.17.3/protobuf-java-util-3.17.3.jar:/Users/fahedabukaf/.m2/repository/org/threeten/threetenbp/1.5.1/threetenbp-1.5.1.jar:/Users/fahedabukaf/.m2/repository/com/google/cloud/google-cloud-firestore/2.6.1/google-cloud-firestore-2.6.1.jar:/Users/fahedabukaf/.m2/repository/com/google/cloud/google-cloud-core-grpc/1.95.4/google-cloud-core-grpc-1.95.4.jar:/Users/fahedabukaf/.m2/repository/io/grpc/grpc-core/1.39.0/grpc-core-1.39.0.jar:/Users/fahedabukaf/.m2/repository/com/google/android/annotations/4.1.1.4/annotations-4.1.1.4.jar:/Users/fahedabukaf/.m2/repository/org/codehaus/mojo/animal-sniffer-annotations/1.20/animal-sniffer-annotations-1.20.jar:/Users/fahedabukaf/.m2/repository/io/perfmark/perfmark-api/0.23.0/perfmark-api-0.23.0.jar:/Users/fahedabukaf/.m2/repository/commons-logging/commons-logging/1.2/commons-logging-1.2.jar:/Users/fahedabukaf/.m2/repository/commons-codec/commons-codec/1.18.0/commons-codec-1.18.0.jar:/Users/fahedabukaf/.m2/repository/com/google/api/grpc/proto-google-cloud-firestore-v1/2.6.1/proto-google-cloud-firestore-v1-2.6.1.jar:/Users/fahedabukaf/.m2/repository/com/google/cloud/proto-google-cloud-firestore-bundle-v1/2.6.1/proto-google-cloud-firestore-bundle-v1-2.6.1.jar:/Users/fahedabukaf/.m2/repository/io/opencensus/opencensus-contrib-grpc-util/0.28.0/opencensus-contrib-grpc-util-0.28.0.jar:/Users/fahedabukaf/.m2/repository/io/grpc/grpc-protobuf/1.39.0/grpc-protobuf-1.39.0.jar:/Users/fahedabukaf/.m2/repository/io/grpc/grpc-protobuf-lite/1.39.0/grpc-protobuf-lite-1.39.0.jar:/Users/fahedabukaf/.m2/repository/io/grpc/grpc-api/1.39.0/grpc-api-1.39.0.jar:/Users/fahedabukaf/.m2/repository/com/google/api/gax-grpc/1.66.0/gax-grpc-1.66.0.jar:/Users/fahedabukaf/.m2/repository/io/grpc/grpc-auth/1.39.0/grpc-auth-1.39.0.jar:/Users/fahedabukaf/.m2/repository/io/grpc/grpc-netty-shaded/1.39.0/grpc-netty-shaded-1.39.0.jar:/Users/fahedabukaf/.m2/repository/io/grpc/grpc-alts/1.39.0/grpc-alts-1.39.0.jar:/Users/fahedabukaf/.m2/repository/io/grpc/grpc-grpclb/1.39.0/grpc-grpclb-1.39.0.jar:/Users/fahedabukaf/.m2/repository/org/conscrypt/conscrypt-openjdk-uber/2.5.1/conscrypt-openjdk-uber-2.5.1.jar:/Users/fahedabukaf/.m2/repository/io/grpc/grpc-stub/1.39.0/grpc-stub-1.39.0.jar:/Users/fahedabukaf/.m2/repository/com/google/guava/guava/30.1.1-android/guava-30.1.1-android.jar:/Users/fahedabukaf/.m2/repository/org/slf4j/slf4j-api/2.0.17/slf4j-api-2.0.17.jar:/Users/fahedabukaf/.m2/repository/io/netty/netty-codec-http/4.1.123.Final/netty-codec-http-4.1.123.Final.jar:/Users/fahedabukaf/.m2/repository/io/netty/netty-common/4.1.123.Final/netty-common-4.1.123.Final.jar:/Users/fahedabukaf/.m2/repository/io/netty/netty-buffer/4.1.123.Final/netty-buffer-4.1.123.Final.jar:/Users/fahedabukaf/.m2/repository/io/netty/netty-codec/4.1.123.Final/netty-codec-4.1.123.Final.jar:/Users/fahedabukaf/.m2/repository/io/netty/netty-handler/4.1.123.Final/netty-handler-4.1.123.Final.jar:/Users/fahedabukaf/.m2/repository/io/netty/netty-resolver/4.1.123.Final/netty-resolver-4.1.123.Final.jar:/Users/fahedabukaf/.m2/repository/io/netty/netty-transport-native-unix-common/4.1.123.Final/netty-transport-native-unix-common-4.1.123.Final.jar:/Users/fahedabukaf/.m2/repository/io/netty/netty-transport/4.1.123.Final/netty-transport-4.1.123.Final.jar:/Users/fahedabukaf/.m2/repository/org/springframework/boot/spring-boot-devtools/3.5.4/spring-boot-devtools-3.5.4.jar:/Users/fahedabukaf/.m2/repository/org/springframework/boot/spring-boot/3.5.4/spring-boot-3.5.4.jar:/Users/fahedabukaf/.m2/repository/org/springframework/boot/spring-boot-autoconfigure/3.5.4/spring-boot-autoconfigure-3.5.4.jar:/Users/fahedabukaf/.m2/repository/org/projectlombok/lombok/1.18.38/lombok-1.18.38.jar:/Users/fahedabukaf/.m2/repository/org/springframework/boot/spring-boot-starter-test/3.5.4/spring-boot-starter-test-3.5.4.jar:/Users/fahedabukaf/.m2/repository/org/springframework/boot/spring-boot-test/3.5.4/spring-boot-test-3.5.4.jar:/Users/fahedabukaf/.m2/repository/org/springframework/boot/spring-boot-test-autoconfigure/3.5.4/spring-boot-test-autoconfigure-3.5.4.jar:/Users/fahedabukaf/.m2/repository/com/jayway/jsonpath/json-path/2.9.0/json-path-2.9.0.jar:/Users/fahedabukaf/.m2/repository/jakarta/xml/bind/jakarta.xml.bind-api/4.0.2/jakarta.xml.bind-api-4.0.2.jar:/Users/fahedabukaf/.m2/repository/jakarta/activation/jakarta.activation-api/2.1.3/jakarta.activation-api-2.1.3.jar:/Users/fahedabukaf/.m2/repository/net/minidev/json-smart/2.5.2/json-smart-2.5.2.jar:/Users/fahedabukaf/.m2/repository/net/minidev/accessors-smart/2.5.2/accessors-smart-2.5.2.jar:/Users/fahedabukaf/.m2/repository/org/ow2/asm/asm/9.7.1/asm-9.7.1.jar:/Users/fahedabukaf/.m2/repository/org/assertj/assertj-core/3.27.3/assertj-core-3.27.3.jar:/Users/fahedabukaf/.m2/repository/net/bytebuddy/byte-buddy/1.17.6/byte-buddy-1.17.6.jar:/Users/fahedabukaf/.m2/repository/org/awaitility/awaitility/4.2.2/awaitility-4.2.2.jar:/Users/fahedabukaf/.m2/repository/org/hamcrest/hamcrest/3.0/hamcrest-3.0.jar:/Users/fahedabukaf/.m2/repository/org/junit/jupiter/junit-jupiter/5.12.2/junit-jupiter-5.12.2.jar:/Users/fahedabukaf/.m2/repository/org/junit/jupiter/junit-jupiter-api/5.12.2/junit-jupiter-api-5.12.2.jar:/Users/fahedabukaf/.m2/repository/org/opentest4j/opentest4j/1.3.0/opentest4j-1.3.0.jar:/Users/fahedabukaf/.m2/repository/org/junit/platform/junit-platform-commons/1.12.2/junit-platform-commons-1.12.2.jar:/Users/fahedabukaf/.m2/repository/org/apiguardian/apiguardian-api/1.1.2/apiguardian-api-1.1.2.jar:/Users/fahedabukaf/.m2/repository/org/junit/jupiter/junit-jupiter-params/5.12.2/junit-jupiter-params-5.12.2.jar:/Users/fahedabukaf/.m2/repository/org/junit/jupiter/junit-jupiter-engine/5.12.2/junit-jupiter-engine-5.12.2.jar:/Users/fahedabukaf/.m2/repository/org/junit/platform/junit-platform-engine/1.12.2/junit-platform-engine-1.12.2.jar:/Users/fahedabukaf/.m2/repository/org/mockito/mockito-core/5.17.0/mockito-core-5.17.0.jar:/Users/fahedabukaf/.m2/repository/net/bytebuddy/byte-buddy-agent/1.17.6/byte-buddy-agent-1.17.6.jar:/Users/fahedabukaf/.m2/repository/org/objenesis/objenesis/3.3/objenesis-3.3.jar:/Users/fahedabukaf/.m2/repository/org/mockito/mockito-junit-jupiter/5.17.0/mockito-junit-jupiter-5.17.0.jar:/Users/fahedabukaf/.m2/repository/org/skyscreamer/jsonassert/1.5.3/jsonassert-1.5.3.jar:/Users/fahedabukaf/.m2/repository/com/vaadin/external/google/android-json/0.0.20131108.vaadin1/android-json-0.0.20131108.vaadin1.jar:/Users/fahedabukaf/.m2/repository/org/springframework/spring-core/6.2.9/spring-core-6.2.9.jar:/Users/fahedabukaf/.m2/repository/org/springframework/spring-jcl/6.2.9/spring-jcl-6.2.9.jar:/Users/fahedabukaf/.m2/repository/org/springframework/spring-test/6.2.9/spring-test-6.2.9.jar:/Users/fahedabukaf/.m2/repository/org/xmlunit/xmlunit-core/2.10.3/xmlunit-core-2.10.3.jar:/Users/fahedabukaf/.m2/repository/org/springframework/security/spring-security-test/6.5.2/spring-security-test-6.5.2.jar:/Users/fahedabukaf/.m2/repository/org/springframework/security/spring-security-core/6.5.2/spring-security-core-6.5.2.jar:/Users/fahedabukaf/.m2/repository/org/springframework/security/spring-security-crypto/6.5.2/spring-security-crypto-6.5.2.jar:"/>
    <property name="sun.cpu.endian" value="little"/>
    <property name="user.home" value="/Users/fahedabukaf"/>
    <property name="user.language" value="en"/>
    <property name="java.specification.vendor" value="Oracle Corporation"/>
    <property name="java.version.date" value="2025-07-15"/>
    <property name="java.home" value="/opt/homebrew/Cellar/openjdk/24.0.2/libexec/openjdk.jdk/Contents/Home"/>
    <property name="file.separator" value="/"/>
    <property name="basedir" value="/Users/fahedabukaf/Desktop/chat--app/Backend"/>
    <property name="java.vm.compressedOopsMode" value="Zero based"/>
    <property name="line.separator" value="&#10;"/>
    <property name="java.vm.specification.vendor" value="Oracle Corporation"/>
    <property name="java.specification.name" value="Java Platform API Specification"/>
    <property name="FILE_LOG_CHARSET" value="UTF-8"/>
    <property name="java.awt.headless" value="true"/>
    <property name="apple.awt.application.name" value="ForkedBooter"/>
    <property name="surefire.real.class.path" value="/Users/fahedabukaf/Desktop/chat--app/Backend/target/surefire/surefirebooter-20250812224237195_3.jar"/>
    <property name="sun.management.compiler" value="HotSpot 64-Bit Tiered Compilers"/>
    <property name="ftp.nonProxyHosts" value="local|*.local|169.254/16|*.169.254/16"/>
    <property name="java.runtime.version" value="24.0.2"/>
    <property name="user.name" value="fahedabukaf"/>
    <property name="stdout.encoding" value="UTF-8"/>
    <property name="path.separator" value=":"/>
    <property name="os.version" value="15.6"/>
    <property name="java.runtime.name" value="OpenJDK Runtime Environment"/>
    <property name="file.encoding" value="UTF-8"/>
    <property name="java.vm.name" value="OpenJDK 64-Bit Server VM"/>
    <property name="java.vendor.version" value="Homebrew"/>
    <property name="localRepository" value="/Users/fahedabukaf/.m2/repository"/>
    <property name="java.vendor.url.bug" value="https://github.com/Homebrew/homebrew-core/issues"/>
    <property name="java.io.tmpdir" value="/var/folders/zs/d9bmkh9s3d1_tb5lncn_y1hm0000gn/T/"/>
    <property name="java.version" value="24.0.2"/>
    <property name="user.dir" value="/Users/fahedabukaf/Desktop/chat--app/Backend"/>
    <property name="os.arch" value="aarch64"/>
    <property name="java.vm.specification.name" value="Java Virtual Machine Specification"/>
    <property name="PID" value="90968"/>
    <property name="CONSOLE_LOG_CHARSET" value="UTF-8"/>
    <property name="native.encoding" value="UTF-8"/>
    <property name="java.library.path" value="/Users/fahedabukaf/Library/Java/Extensions:/Library/Java/Extensions:/Network/Library/Java/Extensions:/System/Library/Java/Extensions:/usr/lib/java:."/>
    <property name="java.vm.info" value="mixed mode, sharing"/>
    <property name="stderr.encoding" value="UTF-8"/>
    <property name="java.vendor" value="Homebrew"/>
    <property name="java.vm.version" value="24.0.2"/>
    <property name="sun.io.unicode.encoding" value="UnicodeBig"/>
    <property name="socksNonProxyHosts" value="local|*.local|169.254/16|*.169.254/16"/>
    <property name="java.class.version" value="68.0"/>
    <property name="LOGGED_APPLICATION_NAME" value="[ChatApp] "/>
  </properties>
  <testcase name="contextLoads" classname="com.ChatAppTests" time="0.407">
    <system-out><![CDATA[Standard Commons Logging discovery in action with spring-jcl: please remove commons-logging.jar from classpath in order to avoid potential conflicts
22:42:37.632 [main] INFO org.springframework.test.context.support.AnnotationConfigContextLoaderUtils -- Could not detect default configuration classes for test class [com.ChatAppTests]: ChatAppTests does not declare any static, non-private, non-final, nested classes annotated with @Configuration.
22:42:37.725 [main] INFO org.springframework.boot.test.context.SpringBootTestContextBootstrapper -- Found @SpringBootConfiguration com.ChatApp for test class com.ChatAppTests
22:42:37.800 [main] INFO org.springframework.boot.devtools.restart.RestartApplicationListener -- Restart disabled due to context in which it is running

  .   ____          _            __ _ _
 /\\ / ___'_ __ _ _(_)_ __  __ _ \ \ \ \
( ( )\___ | '_ | '_| | '_ \/ _` | \ \ \ \
 \\/  ___)| |_)| | | | | || (_| |  ) ) ) )
  '  |____| .__|_| |_|_| |_\__, | / / / /
 =========|_|==============|___/=/_/_/_/

 :: Spring Boot ::                (v3.5.4)

2025-08-12T22:42:37.925+03:00  INFO 90968 --- [ChatApp] [           main] com.ChatAppTests                         : Starting ChatAppTests using Java 24.0.2 with PID 90968 (started by fahedabukaf in /Users/fahedabukaf/Desktop/chat--app/Backend)
2025-08-12T22:42:37.926+03:00  INFO 90968 --- [ChatApp] [           main] com.ChatAppTests                         : No active profile set, falling back to 1 default profile: "default"
2025-08-12T22:42:38.755+03:00  INFO 90968 --- [ChatApp] [           main] .s.d.r.c.RepositoryConfigurationDelegate : Bootstrapping Spring Data MongoDB repositories in DEFAULT mode.
2025-08-12T22:42:38.934+03:00  INFO 90968 --- [ChatApp] [           main] .s.d.r.c.RepositoryConfigurationDelegate : Finished Spring Data repository scanning in 175 ms. Found 2 MongoDB repository interfaces.
Firebase Admin SDK initialized successfully
2025-08-12T22:42:39.376+03:00  INFO 90968 --- [ChatApp] [0n4.mongodb.net] org.mongodb.driver.cluster               : Adding discovered server ac-yqsentr-shard-00-00.z7wl0n4.mongodb.net:27017 to client view of cluster
2025-08-12T22:42:39.386+03:00  INFO 90968 --- [ChatApp] [           main] org.mongodb.driver.client                : MongoClient with metadata {"driver": {"name": "mongo-java-driver|sync|spring-boot", "version": "5.5.1"}, "os": {"type": "Darwin", "name": "Mac OS X", "architecture": "aarch64", "version": "15.6"}, "platform": "Java/Homebrew/24.0.2"} created with settings MongoClientSettings{readPreference=primary, writeConcern=WriteConcern{w=majority, wTimeout=null ms, journal=null}, retryWrites=true, retryReads=true, readConcern=ReadConcern{level=null}, credential=MongoCredential{mechanism=null, userName='fahedabukaf', source='admin', password=<hidden>, mechanismProperties=<hidden>}, transportSettings=null, commandListeners=[], codecRegistry=ProvidersCodecRegistry{codecProviders=[ValueCodecProvider{}, BsonValueCodecProvider{}, DBRefCodecProvider{}, DBObjectCodecProvider{}, DocumentCodecProvider{}, CollectionCodecProvider{}, IterableCodecProvider{}, MapCodecProvider{}, GeoJsonCodecProvider{}, GridFSFileCodecProvider{}, Jsr310CodecProvider{}, JsonObjectCodecProvider{}, BsonCodecProvider{}, EnumCodecProvider{}, com.mongodb.client.model.mql.ExpressionCodecProvider@13d7d1a8, com.mongodb.Jep395RecordCodecProvider@60035f1e, com.mongodb.KotlinCodecProvider@5827908c]}, loggerSettings=LoggerSettings{maxDocumentLength=1000}, clusterSettings={hosts=[127.0.0.1:27017], srvHost=cluster0.z7wl0n4.mongodb.net, srvServiceName=mongodb, mode=MULTIPLE, requiredClusterType=REPLICA_SET, requiredReplicaSetName='atlas-azxgws-shard-0', serverSelector='null', clusterListeners='[]', serverSelectionTimeout='30000 ms', localThreshold='15 ms'}, socketSettings=SocketSettings{connectTimeoutMS=10000, readTimeoutMS=0, receiveBufferSize=0, proxySettings=ProxySettings{host=null, port=null, username=null, password=null}}, heartbeatSocketSettings=SocketSettings{connectTimeoutMS=10000, readTimeoutMS=10000, receiveBufferSize=0, proxySettings=ProxySettings{host=null, port=null, username=null, password=null}}, connectionPoolSettings=ConnectionPoolSettings{maxSize=100, minSize=0, maxWaitTimeMS=120000, maxConnectionLifeTimeMS=0, maxConnectionIdleTimeMS=0, maintenanceInitialDelayMS=0, maintenanceFrequencyMS=60000, connectionPoolListeners=[], maxConnecting=2}, serverSettings=ServerSettings{heartbeatFrequencyMS=10000, minHeartbeatFrequencyMS=500, serverMonitoringMode=AUTO, serverListeners='[]', serverMonitorListeners='[]'}, sslSettings=SslSettings{enabled=true, invalidHostNameAllowed=false, context=null}, applicationName='null', compressorList=[], uuidRepresentation=JAVA_LEGACY, serverApi=null, autoEncryptionSettings=null, dnsClient=null, inetAddressResolver=null, contextProvider=null, timeoutMS=null}
2025-08-12T22:42:39.389+03:00  INFO 90968 --- [ChatApp] [0n4.mongodb.net] org.mongodb.driver.cluster               : Adding discovered server ac-yqsentr-shard-00-02.z7wl0n4.mongodb.net:27017 to client view of cluster
2025-08-12T22:42:39.390+03:00  INFO 90968 --- [ChatApp] [0n4.mongodb.net] org.mongodb.driver.cluster               : Adding discovered server ac-yqsentr-shard-00-01.z7wl0n4.mongodb.net:27017 to client view of cluster
2025-08-12T22:42:39.795+03:00  WARN 90968 --- [ChatApp] [           main] .s.s.UserDetailsServiceAutoConfiguration : 

Using generated security password: 10159a28-1254-473c-a143-86c97f0acd25

This generated password is for development use only. Your security configuration must be updated before running your application in production.

2025-08-12T22:42:39.798+03:00  INFO 90968 --- [ChatApp] [           main] r$InitializeUserDetailsManagerConfigurer : Global AuthenticationManager configured with UserDetailsService bean with name inMemoryUserDetailsManager
2025-08-12T22:42:39.961+03:00  INFO 90968 --- [ChatApp] [           main] o.s.m.s.b.SimpleBrokerMessageHandler     : Starting...
2025-08-12T22:42:39.962+03:00  INFO 90968 --- [ChatApp] [           main] o.s.m.s.b.SimpleBrokerMessageHandler     : BrokerAvailabilityEvent[available=true, SimpleBrokerMessageHandler [org.springframework.messaging.simp.broker.DefaultSubscriptionRegistry@281e2637]]
2025-08-12T22:42:39.962+03:00  INFO 90968 --- [ChatApp] [           main] o.s.m.s.b.SimpleBrokerMessageHandler     : Started.
2025-08-12T22:42:39.967+03:00  INFO 90968 --- [ChatApp] [           main] com.ChatAppTests                         : Started ChatAppTests in 2.174 seconds (process running for 2.711)
2025-08-12T22:42:40.195+03:00  INFO 90968 --- [ChatApp] [ngodb.net:27017] org.mongodb.driver.cluster               : Monitor thread successfully connected to server with description ServerDescription{address=ac-yqsentr-shard-00-02.z7wl0n4.mongodb.net:27017, type=REPLICA_SET_PRIMARY, cryptd=false, state=CONNECTED, ok=true, minWireVersion=0, maxWireVersion=25, maxDocumentSize=16777216, logicalSessionTimeoutMinutes=30, roundTripTimeNanos=525503375, minRoundTripTimeNanos=0, setName='atlas-azxgws-shard-0', canonicalAddress=ac-yqsentr-shard-00-02.z7wl0n4.mongodb.net:27017, hosts=[ac-yqsentr-shard-00-00.z7wl0n4.mongodb.net:27017, ac-yqsentr-shard-00-01.z7wl0n4.mongodb.net:27017, ac-yqsentr-shard-00-02.z7wl0n4.mongodb.net:27017], passives=[], arbiters=[], primary='ac-yqsentr-shard-00-02.z7wl0n4.mongodb.net:27017', tagSet=TagSet{[Tag{name='availabilityZone', value='mes1-az3'}, Tag{name='diskState', value='READY'}, Tag{name='nodeType', value='ELECTABLE'}, Tag{name='provider', value='AWS'}, Tag{name='region', value='ME_SOUTH_1'}, Tag{name='workloadType', value='OPERATIONAL'}]}, electionId=7fffffff0000000000000018, setVersion=4, topologyVersion=TopologyVersion{processId=689b6e5450bdbe9a587107ee, counter=6}, lastWriteDate=Tue Aug 12 22:42:39 IDT 2025, lastUpdateTimeNanos=25057050475875}
2025-08-12T22:42:40.197+03:00  INFO 90968 --- [ChatApp] [ngodb.net:27017] org.mongodb.driver.cluster               : Discovered replica set primary ac-yqsentr-shard-00-02.z7wl0n4.mongodb.net:27017 with max election id 7fffffff0000000000000018 and max set version 4
2025-08-12T22:42:40.371+03:00  INFO 90968 --- [ChatApp] [ngodb.net:27017] org.mongodb.driver.cluster               : Monitor thread successfully connected to server with description ServerDescription{address=ac-yqsentr-shard-00-01.z7wl0n4.mongodb.net:27017, type=REPLICA_SET_SECONDARY, cryptd=false, state=CONNECTED, ok=true, minWireVersion=0, maxWireVersion=25, maxDocumentSize=16777216, logicalSessionTimeoutMinutes=30, roundTripTimeNanos=407224625, minRoundTripTimeNanos=0, setName='atlas-azxgws-shard-0', canonicalAddress=ac-yqsentr-shard-00-01.z7wl0n4.mongodb.net:27017, hosts=[ac-yqsentr-shard-00-00.z7wl0n4.mongodb.net:27017, ac-yqsentr-shard-00-01.z7wl0n4.mongodb.net:27017, ac-yqsentr-shard-00-02.z7wl0n4.mongodb.net:27017], passives=[], arbiters=[], primary='ac-yqsentr-shard-00-02.z7wl0n4.mongodb.net:27017', tagSet=TagSet{[Tag{name='availabilityZone', value='mes1-az2'}, Tag{name='diskState', value='READY'}, Tag{name='nodeType', value='ELECTABLE'}, Tag{name='provider', value='AWS'}, Tag{name='region', value='ME_SOUTH_1'}, Tag{name='workloadType', value='OPERATIONAL'}]}, electionId=null, setVersion=4, topologyVersion=TopologyVersion{processId=689b7095a097f16c1b5575a6, counter=3}, lastWriteDate=Tue Aug 12 22:42:39 IDT 2025, lastUpdateTimeNanos=25057229601708}
2025-08-12T22:42:40.374+03:00  INFO 90968 --- [ChatApp] [ngodb.net:27017] org.mongodb.driver.cluster               : Monitor thread successfully connected to server with description ServerDescription{address=ac-yqsentr-shard-00-00.z7wl0n4.mongodb.net:27017, type=REPLICA_SET_SECONDARY, cryptd=false, state=CONNECTED, ok=true, minWireVersion=0, maxWireVersion=25, maxDocumentSize=16777216, logicalSessionTimeoutMinutes=30, roundTripTimeNanos=400975167, minRoundTripTimeNanos=0, setName='atlas-azxgws-shard-0', canonicalAddress=ac-yqsentr-shard-00-00.z7wl0n4.mongodb.net:27017, hosts=[ac-yqsentr-shard-00-00.z7wl0n4.mongodb.net:27017, ac-yqsentr-shard-00-01.z7wl0n4.mongodb.net:27017, ac-yqsentr-shard-00-02.z7wl0n4.mongodb.net:27017], passives=[], arbiters=[], primary='ac-yqsentr-shard-00-02.z7wl0n4.mongodb.net:27017', tagSet=TagSet{[Tag{name='availabilityZone', value='mes1-az1'}, Tag{name='diskState', value='READY'}, Tag{name='nodeType', value='ELECTABLE'}, Tag{name='provider', value='AWS'}, Tag{name='region', value='ME_SOUTH_1'}, Tag{name='workloadType', value='OPERATIONAL'}]}, electionId=null, setVersion=4, topologyVersion=TopologyVersion{processId=689b6a9d360de9f55230a74f, counter=4}, lastWriteDate=Tue Aug 12 22:42:39 IDT 2025, lastUpdateTimeNanos=25057232890958}
]]></system-out>
    <system-err><![CDATA[Mockito is currently self-attaching to enable the inline-mock-maker. This will no longer work in future releases of the JDK. Please add Mockito as an agent to your build as described in Mockito's documentation: https://javadoc.io/doc/org.mockito/mockito-core/latest/org.mockito/org/mockito/Mockito.html#0.3
WARNING: A Java agent has been loaded dynamically (/Users/fahedabukaf/.m2/repository/net/bytebuddy/byte-buddy-agent/1.17.6/byte-buddy-agent-1.17.6.jar)
WARNING: If a serviceability tool is in use, please run with -XX:+EnableDynamicAgentLoading to hide this warning
WARNING: If a serviceability tool is not in use, please run with -Djdk.instrument.traceUsage for more information
WARNING: Dynamic loading of agents will be disallowed by default in a future release
]]></system-err>
  </testcase>
</testsuite>